android_backup_old/app/build/intermediates/manifest_merge_blame_file/release/processReleaseMainManifest/manifest-merger-blame-release-report.txt
1<?xml version="1.0" encoding="utf-8"?>
2<manifest xmlns:android="http://schemas.android.com/apk/res/android"
3    package="com.jitsjournal.app"
4    android:versionCode="112"
5    android:versionName="1.0.112" >
6
7    <uses-sdk
8        android:minSdkVersion="24"
9        android:targetSdkVersion="35" />
10
11    <!-- Permissions -->
12
13    <uses-permission android:name="android.permission.INTERNET" />
13-->src\main\AndroidManifest.xml:34:5-67
13-->src\main\AndroidManifest.xml:34:22-64
14    <uses-permission android:name="com.android.vending.BILLING" />
14-->[com.android.billingclient:billing:6.1.0] AndroidManifest.xml:10:5-67
14-->[com.android.billingclient:billing:6.1.0] AndroidManifest.xml:10:22-64
15
16    <queries>
16-->[com.android.billingclient:billing:6.1.0] AndroidManifest.xml:12:5-16:15
17        <intent>
17-->[com.android.billingclient:billing:6.1.0] AndroidManifest.xml:13:9-15:18
18            <action android:name="com.android.vending.billing.InAppBillingService.BIND" />
18-->[com.android.billingclient:billing:6.1.0] AndroidManifest.xml:14:13-91
18-->[com.android.billingclient:billing:6.1.0] AndroidManifest.xml:14:21-88
19        </intent>
20    </queries>
21
22    <permission
22-->[androidx.core:core:1.15.0] AndroidManifest.xml:22:5-24:47
23        android:name="com.jitsjournal.app.DYNAMIC_RECEIVER_NOT_EXPORTED_PERMISSION"
23-->[androidx.core:core:1.15.0] AndroidManifest.xml:23:9-81
24        android:protectionLevel="signature" />
24-->[androidx.core:core:1.15.0] AndroidManifest.xml:24:9-44
25
26    <uses-permission android:name="com.jitsjournal.app.DYNAMIC_RECEIVER_NOT_EXPORTED_PERMISSION" /> <!-- Although the *SdkVersion is captured in gradle build files, this is required for non gradle builds -->
26-->[androidx.core:core:1.15.0] AndroidManifest.xml:26:5-97
26-->[androidx.core:core:1.15.0] AndroidManifest.xml:26:22-94
27    <!-- <uses-sdk android:minSdkVersion="14"/> -->
28    <uses-permission android:name="android.permission.ACCESS_NETWORK_STATE" />
28-->[com.google.android.datatransport:transport-backend-cct:3.1.8] AndroidManifest.xml:24:5-79
28-->[com.google.android.datatransport:transport-backend-cct:3.1.8] AndroidManifest.xml:24:22-76
29
30    <application
30-->src\main\AndroidManifest.xml:3:5-30:19
31        android:allowBackup="true"
31-->src\main\AndroidManifest.xml:4:9-35
32        android:appComponentFactory="androidx.core.app.CoreComponentFactory"
32-->[androidx.core:core:1.15.0] AndroidManifest.xml:28:18-86
33        android:extractNativeLibs="false"
34        android:icon="@mipmap/ic_launcher"
34-->src\main\AndroidManifest.xml:5:9-43
35        android:label="@string/app_name"
35-->src\main\AndroidManifest.xml:6:9-41
36        android:roundIcon="@mipmap/ic_launcher_round"
36-->src\main\AndroidManifest.xml:7:9-54
37        android:supportsRtl="true"
37-->src\main\AndroidManifest.xml:8:9-35
38        android:theme="@style/AppTheme" >
38-->src\main\AndroidManifest.xml:9:9-40
39        <activity
39-->src\main\AndroidManifest.xml:10:9-21:20
40            android:name="com.jitsjournal.app.MainActivity"
40-->src\main\AndroidManifest.xml:12:13-41
41            android:configChanges="orientation|keyboardHidden|keyboard|screenSize|locale|smallestScreenSize|screenLayout|uiMode|navigation"
41-->src\main\AndroidManifest.xml:11:13-140
42            android:exported="true"
42-->src\main\AndroidManifest.xml:16:13-36
43            android:label="@string/title_activity_main"
43-->src\main\AndroidManifest.xml:13:13-56
44            android:launchMode="singleTask"
44-->src\main\AndroidManifest.xml:15:13-44
45            android:theme="@style/AppTheme.NoActionBarLaunch" >
45-->src\main\AndroidManifest.xml:14:13-62
46            <intent-filter>
46-->src\main\AndroidManifest.xml:17:13-20:29
47                <action android:name="android.intent.action.MAIN" />
47-->src\main\AndroidManifest.xml:18:17-69
47-->src\main\AndroidManifest.xml:18:25-66
48
49                <category android:name="android.intent.category.LAUNCHER" />
49-->src\main\AndroidManifest.xml:19:17-77
49-->src\main\AndroidManifest.xml:19:27-74
50            </intent-filter>
51        </activity>
52
53        <provider
54            android:name="androidx.core.content.FileProvider"
54-->src\main\AndroidManifest.xml:24:13-62
55            android:authorities="com.jitsjournal.app.fileprovider"
55-->src\main\AndroidManifest.xml:25:13-64
56            android:exported="false"
56-->src\main\AndroidManifest.xml:26:13-37
57            android:grantUriPermissions="true" >
57-->src\main\AndroidManifest.xml:27:13-47
58            <meta-data
58-->src\main\AndroidManifest.xml:28:13-112
59                android:name="android.support.FILE_PROVIDER_PATHS"
59-->src\main\AndroidManifest.xml:28:24-74
60                android:resource="@xml/file_paths" />
60-->src\main\AndroidManifest.xml:28:75-109
61        </provider>
62
63        <meta-data
63-->[com.android.billingclient:billing:6.1.0] AndroidManifest.xml:19:9-21:37
64            android:name="com.google.android.play.billingclient.version"
64-->[com.android.billingclient:billing:6.1.0] AndroidManifest.xml:20:13-73
65            android:value="6.1.0" />
65-->[com.android.billingclient:billing:6.1.0] AndroidManifest.xml:21:13-34
66
67        <activity
67-->[com.android.billingclient:billing:6.1.0] AndroidManifest.xml:23:9-27:75
68            android:name="com.android.billingclient.api.ProxyBillingActivity"
68-->[com.android.billingclient:billing:6.1.0] AndroidManifest.xml:24:13-78
69            android:configChanges="keyboard|keyboardHidden|screenLayout|screenSize|orientation"
69-->[com.android.billingclient:billing:6.1.0] AndroidManifest.xml:25:13-96
70            android:exported="false"
70-->[com.android.billingclient:billing:6.1.0] AndroidManifest.xml:26:13-37
71            android:theme="@android:style/Theme.Translucent.NoTitleBar" />
71-->[com.android.billingclient:billing:6.1.0] AndroidManifest.xml:27:13-72
72        <activity
72-->[com.google.android.gms:play-services-base:18.0.1] AndroidManifest.xml:20:9-22:45
73            android:name="com.google.android.gms.common.api.GoogleApiActivity"
73-->[com.google.android.gms:play-services-base:18.0.1] AndroidManifest.xml:20:19-85
74            android:exported="false"
74-->[com.google.android.gms:play-services-base:18.0.1] AndroidManifest.xml:22:19-43
75            android:theme="@android:style/Theme.Translucent.NoTitleBar" />
75-->[com.google.android.gms:play-services-base:18.0.1] AndroidManifest.xml:21:19-78
76
77        <meta-data
77-->[com.google.android.gms:play-services-basement:18.0.1] AndroidManifest.xml:21:9-23:69
78            android:name="com.google.android.gms.version"
78-->[com.google.android.gms:play-services-basement:18.0.1] AndroidManifest.xml:22:13-58
79            android:value="@integer/google_play_services_version" />
79-->[com.google.android.gms:play-services-basement:18.0.1] AndroidManifest.xml:23:13-66
80
81        <provider
81-->[androidx.emoji2:emoji2:1.3.0] AndroidManifest.xml:24:9-32:20
82            android:name="androidx.startup.InitializationProvider"
82-->[androidx.emoji2:emoji2:1.3.0] AndroidManifest.xml:25:13-67
83            android:authorities="com.jitsjournal.app.androidx-startup"
83-->[androidx.emoji2:emoji2:1.3.0] AndroidManifest.xml:26:13-68
84            android:exported="false" >
84-->[androidx.emoji2:emoji2:1.3.0] AndroidManifest.xml:27:13-37
85            <meta-data
85-->[androidx.emoji2:emoji2:1.3.0] AndroidManifest.xml:29:13-31:52
86                android:name="androidx.emoji2.text.EmojiCompatInitializer"
86-->[androidx.emoji2:emoji2:1.3.0] AndroidManifest.xml:30:17-75
87                android:value="androidx.startup" />
87-->[androidx.emoji2:emoji2:1.3.0] AndroidManifest.xml:31:17-49
88            <meta-data
88-->[androidx.lifecycle:lifecycle-process:2.6.2] AndroidManifest.xml:29:13-31:52
89                android:name="androidx.lifecycle.ProcessLifecycleInitializer"
89-->[androidx.lifecycle:lifecycle-process:2.6.2] AndroidManifest.xml:30:17-78
90                android:value="androidx.startup" />
90-->[androidx.lifecycle:lifecycle-process:2.6.2] AndroidManifest.xml:31:17-49
91            <meta-data
91-->[androidx.profileinstaller:profileinstaller:1.3.1] AndroidManifest.xml:29:13-31:52
92                android:name="androidx.profileinstaller.ProfileInstallerInitializer"
92-->[androidx.profileinstaller:profileinstaller:1.3.1] AndroidManifest.xml:30:17-85
93                android:value="androidx.startup" />
93-->[androidx.profileinstaller:profileinstaller:1.3.1] AndroidManifest.xml:31:17-49
94        </provider>
95
96        <service
96-->[com.google.android.datatransport:transport-backend-cct:3.1.8] AndroidManifest.xml:28:9-34:19
97            android:name="com.google.android.datatransport.runtime.backends.TransportBackendDiscovery"
97-->[com.google.android.datatransport:transport-backend-cct:3.1.8] AndroidManifest.xml:29:13-103
98            android:exported="false" >
98-->[com.google.android.datatransport:transport-backend-cct:3.1.8] AndroidManifest.xml:30:13-37
99            <meta-data
99-->[com.google.android.datatransport:transport-backend-cct:3.1.8] AndroidManifest.xml:31:13-33:39
100                android:name="backend:com.google.android.datatransport.cct.CctBackendFactory"
100-->[com.google.android.datatransport:transport-backend-cct:3.1.8] AndroidManifest.xml:32:17-94
101                android:value="cct" />
101-->[com.google.android.datatransport:transport-backend-cct:3.1.8] AndroidManifest.xml:33:17-36
102        </service>
103        <service
103-->[com.google.android.datatransport:transport-runtime:3.1.8] AndroidManifest.xml:26:9-30:19
104            android:name="com.google.android.datatransport.runtime.scheduling.jobscheduling.JobInfoSchedulerService"
104-->[com.google.android.datatransport:transport-runtime:3.1.8] AndroidManifest.xml:27:13-117
105            android:exported="false"
105-->[com.google.android.datatransport:transport-runtime:3.1.8] AndroidManifest.xml:28:13-37
106            android:permission="android.permission.BIND_JOB_SERVICE" >
106-->[com.google.android.datatransport:transport-runtime:3.1.8] AndroidManifest.xml:29:13-69
107        </service>
108
109        <receiver
109-->[com.google.android.datatransport:transport-runtime:3.1.8] AndroidManifest.xml:32:9-34:40
110            android:name="com.google.android.datatransport.runtime.scheduling.jobscheduling.AlarmManagerSchedulerBroadcastReceiver"
110-->[com.google.android.datatransport:transport-runtime:3.1.8] AndroidManifest.xml:33:13-132
111            android:exported="false" />
111-->[com.google.android.datatransport:transport-runtime:3.1.8] AndroidManifest.xml:34:13-37
112        <receiver
112-->[androidx.profileinstaller:profileinstaller:1.3.1] AndroidManifest.xml:34:9-52:20
113            android:name="androidx.profileinstaller.ProfileInstallReceiver"
113-->[androidx.profileinstaller:profileinstaller:1.3.1] AndroidManifest.xml:35:13-76
114            android:directBootAware="false"
114-->[androidx.profileinstaller:profileinstaller:1.3.1] AndroidManifest.xml:36:13-44
115            android:enabled="true"
115-->[androidx.profileinstaller:profileinstaller:1.3.1] AndroidManifest.xml:37:13-35
116            android:exported="true"
116-->[androidx.profileinstaller:profileinstaller:1.3.1] AndroidManifest.xml:38:13-36
117            android:permission="android.permission.DUMP" >
117-->[androidx.profileinstaller:profileinstaller:1.3.1] AndroidManifest.xml:39:13-57
118            <intent-filter>
118-->[androidx.profileinstaller:profileinstaller:1.3.1] AndroidManifest.xml:40:13-42:29
119                <action android:name="androidx.profileinstaller.action.INSTALL_PROFILE" />
119-->[androidx.profileinstaller:profileinstaller:1.3.1] AndroidManifest.xml:41:17-91
119-->[androidx.profileinstaller:profileinstaller:1.3.1] AndroidManifest.xml:41:25-88
120            </intent-filter>
121            <intent-filter>
121-->[androidx.profileinstaller:profileinstaller:1.3.1] AndroidManifest.xml:43:13-45:29
122                <action android:name="androidx.profileinstaller.action.SKIP_FILE" />
122-->[androidx.profileinstaller:profileinstaller:1.3.1] AndroidManifest.xml:44:17-85
122-->[androidx.profileinstaller:profileinstaller:1.3.1] AndroidManifest.xml:44:25-82
123            </intent-filter>
124            <intent-filter>
124-->[androidx.profileinstaller:profileinstaller:1.3.1] AndroidManifest.xml:46:13-48:29
125                <action android:name="androidx.profileinstaller.action.SAVE_PROFILE" />
125-->[androidx.profileinstaller:profileinstaller:1.3.1] AndroidManifest.xml:47:17-88
125-->[androidx.profileinstaller:profileinstaller:1.3.1] AndroidManifest.xml:47:25-85
126            </intent-filter>
127            <intent-filter>
127-->[androidx.profileinstaller:profileinstaller:1.3.1] AndroidManifest.xml:49:13-51:29
128                <action android:name="androidx.profileinstaller.action.BENCHMARK_OPERATION" />
128-->[androidx.profileinstaller:profileinstaller:1.3.1] AndroidManifest.xml:50:17-95
128-->[androidx.profileinstaller:profileinstaller:1.3.1] AndroidManifest.xml:50:25-92
129            </intent-filter>
130        </receiver>
131    </application>
132
133</manifest>